<?xml version="1.0" encoding="UTF-8"?>
<!-- Generated by org.testng.reporters.JUnitReportReporter -->
<testsuite hostname="DESKTOP-QO3JRCN" failures="0" tests="1" name="TestLession1.GmailTest" time="42.573" errors="0" timestamp="20 Dec 2020 20:28:01 GMT" skipped="0">
  <testcase classname="TestLession1.GmailTest" name="testLogin" time="42.573"/>
</testsuite> <!-- TestLession1.GmailTest -->
