<?xml version="1.0" encoding="UTF-8"?>
<!-- Generated by org.testng.reporters.JUnitReportReporter -->
<testsuite hostname="DESKTOP-QO3JRCN" failures="0" tests="1" name="TestLession1.TestSearching" time="16.128" errors="0" timestamp="20 Dec 2020 08:38:23 GMT" skipped="0">
  <testcase classname="TestLession1.TestSearching" name="webTest" time="16.128"/>
</testsuite> <!-- TestLession1.TestSearching -->
