<?xml version="1.0" encoding="UTF-8"?>
<!-- Generated by org.testng.reporters.JUnitReportReporter -->
<testsuite hostname="DESKTOP-QO3JRCN" failures="0" tests="1" name="TestNG.DesiredCapabilitiesJava" time="18.135" errors="0" timestamp="29 Dec 2020 11:04:52 GMT" skipped="0">
  <testcase classname="TestNG.DesiredCapabilitiesJava" name="searchTest" time="18.135"/>
</testsuite> <!-- TestNG.DesiredCapabilitiesJava -->
