<?xml version="1.0" encoding="UTF-8"?>
<!-- Generated by org.testng.reporters.JUnitReportReporter -->
<testsuite hostname="DESKTOP-QO3JRCN" failures="0" tests="1" name="Beginner.DesiredCapabilitiesJava" time="20.631" errors="0" timestamp="29 Dec 2020 11:03:59 GMT" skipped="0">
  <testcase classname="Beginner.DesiredCapabilitiesJava" name="searchTest" time="20.631"/>
</testsuite> <!-- Beginner.DesiredCapabilitiesJava -->
